<?xml version="1.0" encoding="UTF-8"?>
<coverage generated="1463571222">
  <project timestamp="1463571222">
    <package name="pwf\helpers">
      <file name="D:\work\github\pwf-helpers\src/ArrayHelper.php">
        <class name="ArrayHelper" namespace="pwf\helpers">
          <metrics complexity="28" methods="6" coveredmethods="6" conditionals="0" coveredconditionals="0" statements="40" coveredstatements="40" elements="46" coveredelements="46"/>
        </class>
        <line num="14" type="method" name="toArray" visibility="public" complexity="5" crap="5" count="1"/>
        <line num="16" type="stmt" count="1"/>
        <line num="17" type="stmt" count="1"/>
        <line num="18" type="stmt" count="1"/>
        <line num="20" type="stmt" count="1"/>
        <line num="21" type="stmt" count="1"/>
        <line num="24" type="stmt" count="1"/>
        <line num="71" type="method" name="groupArray" visibility="public" complexity="3" crap="3" count="1"/>
        <line num="73" type="stmt" count="1"/>
        <line num="74" type="stmt" count="1"/>
        <line num="75" type="stmt" count="1"/>
        <line num="76" type="stmt" count="1"/>
        <line num="77" type="stmt" count="1"/>
        <line num="79" type="stmt" count="1"/>
        <line num="83" type="stmt" count="1"/>
        <line num="127" type="method" name="map" visibility="public" complexity="5" crap="5" count="1"/>
        <line num="129" type="stmt" count="1"/>
        <line num="131" type="stmt" count="1"/>
        <line num="132" type="stmt" count="1"/>
        <line num="133" type="stmt" count="1"/>
        <line num="134" type="stmt" count="1"/>
        <line num="136" type="stmt" count="1"/>
        <line num="140" type="stmt" count="1"/>
        <line num="151" type="method" name="recursiveArraySearch" visibility="public" complexity="7" crap="7" count="1"/>
        <line num="154" type="stmt" count="1"/>
        <line num="155" type="stmt" count="1"/>
        <line num="157" type="stmt" count="1"/>
        <line num="158" type="stmt" count="1"/>
        <line num="159" type="stmt" count="1"/>
        <line num="160" type="stmt" count="1"/>
        <line num="163" type="stmt" count="1"/>
        <line num="173" type="method" name="recursivelySetValue" visibility="public" complexity="4" crap="4" count="1"/>
        <line num="176" type="stmt" count="1"/>
        <line num="177" type="stmt" count="1"/>
        <line num="178" type="stmt" count="1"/>
        <line num="181" type="stmt" count="1"/>
        <line num="182" type="stmt" count="1"/>
        <line num="185" type="stmt" count="1"/>
        <line num="194" type="method" name="recursivelyGetValue" visibility="public" complexity="4" crap="4" count="1"/>
        <line num="196" type="stmt" count="1"/>
        <line num="197" type="stmt" count="1"/>
        <line num="198" type="stmt" count="1"/>
        <line num="199" type="stmt" count="1"/>
        <line num="200" type="stmt" count="1"/>
        <line num="201" type="stmt" count="1"/>
        <line num="204" type="stmt" count="1"/>
        <metrics loc="205" ncloc="92" classes="1" methods="6" coveredmethods="6" conditionals="0" coveredconditionals="0" statements="40" coveredstatements="40" elements="46" coveredelements="46"/>
      </file>
      <file name="D:\work\github\pwf-helpers\src/ConvertHelper.php">
        <class name="ConvertHelper" namespace="pwf\helpers">
          <metrics complexity="11" methods="2" coveredmethods="0" conditionals="0" coveredconditionals="0" statements="22" coveredstatements="17" elements="24" coveredelements="17"/>
        </class>
        <line num="14" type="method" name="XML2Array" visibility="public" complexity="2" crap="2.09" count="1"/>
        <line num="17" type="stmt" count="1"/>
        <line num="18" type="stmt" count="1"/>
        <line num="19" type="stmt" count="1"/>
        <line num="20" type="stmt" count="1"/>
        <line num="21" type="stmt" count="0"/>
        <line num="22" type="stmt" count="0"/>
        <line num="24" type="stmt" count="1"/>
        <line num="34" type="method" name="array2XML" visibility="public" complexity="9" crap="9.65" count="1"/>
        <line num="36" type="stmt" count="1"/>
        <line num="37" type="stmt" count="1"/>
        <line num="38" type="stmt" count="1"/>
        <line num="39" type="stmt" count="1"/>
        <line num="40" type="stmt" count="1"/>
        <line num="42" type="stmt" count="1"/>
        <line num="43" type="stmt" count="1"/>
        <line num="44" type="stmt" count="0"/>
        <line num="45" type="stmt" count="0"/>
        <line num="46" type="stmt" count="1"/>
        <line num="47" type="stmt" count="0"/>
        <line num="49" type="stmt" count="1"/>
        <line num="52" type="stmt" count="1"/>
        <line num="53" type="stmt" count="1"/>
        <line num="56" type="stmt" count="1"/>
        <metrics loc="57" ncloc="44" classes="1" methods="2" coveredmethods="0" conditionals="0" coveredconditionals="0" statements="22" coveredstatements="17" elements="24" coveredelements="17"/>
      </file>
      <file name="D:\work\github\pwf-helpers\src/HttpHelper.php">
        <class name="HttpHelper" namespace="pwf\helpers">
          <metrics complexity="8" methods="4" coveredmethods="0" conditionals="0" coveredconditionals="0" statements="40" coveredstatements="0" elements="44" coveredelements="0"/>
        </class>
        <line num="17" type="method" name="sendPost" visibility="public" complexity="1" crap="2" count="0"/>
        <line num="18" type="stmt" count="0"/>
        <line num="19" type="stmt" count="0"/>
        <line num="20" type="stmt" count="0"/>
        <line num="21" type="stmt" count="0"/>
        <line num="22" type="stmt" count="0"/>
        <line num="23" type="stmt" count="0"/>
        <line num="24" type="stmt" count="0"/>
        <line num="25" type="stmt" count="0"/>
        <line num="26" type="stmt" count="0"/>
        <line num="27" type="stmt" count="0"/>
        <line num="28" type="stmt" count="0"/>
        <line num="29" type="stmt" count="0"/>
        <line num="30" type="stmt" count="0"/>
        <line num="31" type="stmt" count="0"/>
        <line num="40" type="method" name="sendCurl" visibility="public" complexity="2" crap="6" count="0"/>
        <line num="41" type="stmt" count="0"/>
        <line num="42" type="stmt" count="0"/>
        <line num="43" type="stmt" count="0"/>
        <line num="44" type="stmt" count="0"/>
        <line num="46" type="stmt" count="0"/>
        <line num="48" type="stmt" count="0"/>
        <line num="49" type="stmt" count="0"/>
        <line num="50" type="stmt" count="0"/>
        <line num="52" type="stmt" count="0"/>
        <line num="54" type="stmt" count="0"/>
        <line num="55" type="stmt" count="0"/>
        <line num="63" type="method" name="isAbsoluteUrl" visibility="public" complexity="3" crap="12" count="0"/>
        <line num="64" type="stmt" count="0"/>
        <line num="65" type="stmt" count="0"/>
        <line num="67" type="stmt" count="0"/>
        <line num="68" type="stmt" count="0"/>
        <line num="79" type="method" name="invokeSoap" visibility="public" complexity="2" crap="6" count="0"/>
        <line num="80" type="stmt" count="0"/>
        <line num="81" type="stmt" count="0"/>
        <line num="82" type="stmt" count="0"/>
        <line num="83" type="stmt" count="0"/>
        <line num="84" type="stmt" count="0"/>
        <line num="85" type="stmt" count="0"/>
        <line num="86" type="stmt" count="0"/>
        <line num="87" type="stmt" count="0"/>
        <line num="88" type="stmt" count="0"/>
        <line num="89" type="stmt" count="0"/>
        <line num="90" type="stmt" count="0"/>
        <metrics loc="90" ncloc="59" classes="1" methods="4" coveredmethods="0" conditionals="0" coveredconditionals="0" statements="40" coveredstatements="0" elements="44" coveredelements="0"/>
      </file>
      <file name="D:\work\github\pwf-helpers\src/StringHelpers.php">
        <class name="StringHelpers" namespace="pwf\helpers">
          <metrics complexity="2" methods="1" coveredmethods="1" conditionals="0" coveredconditionals="0" statements="4" coveredstatements="4" elements="5" coveredelements="5"/>
        </class>
        <line num="15" type="method" name="hashString" visibility="public" complexity="2" crap="2" count="1"/>
        <line num="17" type="stmt" count="1"/>
        <line num="19" type="stmt" count="1"/>
        <line num="20" type="stmt" count="1"/>
        <line num="23" type="stmt" count="1"/>
        <metrics loc="24" ncloc="17" classes="1" methods="1" coveredmethods="1" conditionals="0" coveredconditionals="0" statements="4" coveredstatements="4" elements="5" coveredelements="5"/>
      </file>
      <file name="D:\work\github\pwf-helpers\src/SystemHelpers.php">
        <class name="SystemHelpers" namespace="pwf\helpers">
          <metrics complexity="16" methods="5" coveredmethods="2" conditionals="0" coveredconditionals="0" statements="36" coveredstatements="23" elements="41" coveredelements="25"/>
        </class>
        <line num="15" type="method" name="call" visibility="public" complexity="3" crap="3.33" count="1"/>
        <line num="17" type="stmt" count="1"/>
        <line num="18" type="stmt" count="1"/>
        <line num="19" type="stmt" count="1"/>
        <line num="20" type="stmt" count="0"/>
        <line num="21" type="stmt" count="0"/>
        <line num="23" type="stmt" count="1"/>
        <line num="33" type="method" name="functionDI" visibility="public" complexity="4" crap="20" count="0"/>
        <line num="36" type="stmt" count="0"/>
        <line num="37" type="stmt" count="0"/>
        <line num="38" type="stmt" count="0"/>
        <line num="39" type="stmt" count="0"/>
        <line num="40" type="stmt" count="0"/>
        <line num="41" type="stmt" count="0"/>
        <line num="42" type="stmt" count="0"/>
        <line num="43" type="stmt" count="0"/>
        <line num="47" type="stmt" count="0"/>
        <line num="57" type="method" name="methodDI" visibility="public" complexity="5" crap="5" count="1"/>
        <line num="59" type="stmt" count="1"/>
        <line num="60" type="stmt" count="1"/>
        <line num="61" type="stmt" count="1"/>
        <line num="62" type="stmt" count="1"/>
        <line num="63" type="stmt" count="1"/>
        <line num="64" type="stmt" count="1"/>
        <line num="65" type="stmt" count="1"/>
        <line num="66" type="stmt" count="1"/>
        <line num="69" type="stmt" count="1"/>
        <line num="70" type="stmt" count="1"/>
        <line num="71" type="stmt" count="1"/>
        <line num="72" type="stmt" count="1"/>
        <line num="75" type="stmt" count="1"/>
        <line num="85" type="method" name="constructObject" visibility="public" complexity="1" crap="2" count="0"/>
        <line num="88" type="stmt" count="0"/>
        <line num="89" type="stmt" count="0"/>
        <line num="99" type="method" name="createObject" visibility="public" complexity="3" crap="3" count="1"/>
        <line num="101" type="stmt" count="1"/>
        <line num="102" type="stmt" count="1"/>
        <line num="103" type="stmt" count="1"/>
        <line num="104" type="stmt" count="1"/>
        <line num="105" type="stmt" count="1"/>
        <line num="108" type="stmt" count="1"/>
        <metrics loc="109" ncloc="74" classes="1" methods="5" coveredmethods="2" conditionals="0" coveredconditionals="0" statements="36" coveredstatements="23" elements="41" coveredelements="25"/>
      </file>
    </package>
    <metrics files="5" loc="485" ncloc="286" classes="5" methods="18" coveredmethods="9" conditionals="0" coveredconditionals="0" statements="142" coveredstatements="84" elements="160" coveredelements="93"/>
  </project>
</coverage>
